<?xml version="1.0" encoding="UTF-8"?>
<!-- Generated by org.testng.reporters.JUnitReportReporter -->
<testsuite hostname="DESKTOP-RLIONR5" failures="0" tests="1" name="com.tests.LoginTest" time="16.632" errors="0" timestamp="2023-10-31T01:29:33 IST" skipped="0">
  <testcase classname="com.tests.LoginTest" name="loginWithValidCredential" time="16.632"/>
</testsuite> <!-- com.tests.LoginTest -->
